<?xml version="1.0" encoding="UTF-8"?>
<!-- Generated by org.testng.reporters.JUnitReportReporter -->
<testsuite skipped="0" hostname="SWARUP-PC" name="Test.ClassOne" tests="2" failures="0" timestamp="15 Jan 2018 15:14:36 GMT" time="0.012" errors="0">
  <testcase name="f3" time="0.006" classname="Test.ClassOne"/>
  <testcase name="f2" time="0.006" classname="Test.ClassOne"/>
</testsuite> <!-- Test.ClassOne -->
