<?xml version="1.0" encoding="UTF-8"?>
<!-- Generated by org.testng.reporters.JUnitReportReporter -->
<testsuite skipped="0" hostname="SWARUP-PC" name="Test.ClassTwo" tests="2" failures="0" timestamp="15 Jan 2018 15:14:36 GMT" time="0.011" errors="0">
  <testcase name="f2" time="0.009" classname="Test.ClassTwo"/>
  <testcase name="f3" time="0.002" classname="Test.ClassTwo"/>
</testsuite> <!-- Test.ClassTwo -->
